<?xml version="1.0" encoding="UTF-8"?>
<!-- Generated by org.testng.reporters.JUnitReportReporter -->
<testsuite skipped="0" hostname="DESKTOP-GLN0CH9" name="com.crm.qa.tests.WhiteBoxLoginTest" tests="1" failures="0" timestamp="30 Apr 2020 01:35:52 GMT" time="0.028" errors="0">
  <testcase name="verifyPageUrlTest" time="0.028" classname="com.crm.qa.tests.WhiteBoxLoginTest"/>
</testsuite> <!-- com.crm.qa.tests.WhiteBoxLoginTest -->
